  SceneMngr.cpp
c:\gse_leehoorim_1_2012181032\simplegame\simplegame\scenemngr.cpp(11): warning C4244: '초기화 중': 'int'에서 'float'(으)로 변환하면서 데이터가 손실될 수 있습니다.
c:\gse_leehoorim_1_2012181032\simplegame\simplegame\scenemngr.cpp(12): warning C4244: '초기화 중': 'int'에서 'float'(으)로 변환하면서 데이터가 손실될 수 있습니다.
c:\gse_leehoorim_1_2012181032\simplegame\simplegame\scenemngr.cpp(62): warning C4305: '인수': 'double'에서 'float'(으)로 잘립니다.
c:\gse_leehoorim_1_2012181032\simplegame\simplegame\scenemngr.cpp(84): warning C4305: '인수': 'double'에서 'float'(으)로 잘립니다.
c:\gse_leehoorim_1_2012181032\simplegame\simplegame\scenemngr.cpp(98): warning C4305: '인수': 'double'에서 'float'(으)로 잘립니다.
c:\gse_leehoorim_1_2012181032\simplegame\simplegame\scenemngr.cpp(98): warning C4244: '인수': 'double'에서 'float'(으)로 변환하면서 데이터가 손실될 수 있습니다.
c:\gse_leehoorim_1_2012181032\simplegame\simplegame\scenemngr.cpp(112): warning C4305: '인수': 'double'에서 'float'(으)로 잘립니다.
c:\gse_leehoorim_1_2012181032\simplegame\simplegame\scenemngr.cpp(112): warning C4244: '인수': 'double'에서 'float'(으)로 변환하면서 데이터가 손실될 수 있습니다.
c:\gse_leehoorim_1_2012181032\simplegame\simplegame\scenemngr.cpp(127): warning C4305: '인수': 'double'에서 'float'(으)로 잘립니다.
c:\gse_leehoorim_1_2012181032\simplegame\simplegame\scenemngr.cpp(141): warning C4305: '인수': 'double'에서 'float'(으)로 잘립니다.
c:\gse_leehoorim_1_2012181032\simplegame\simplegame\scenemngr.cpp(141): warning C4244: '인수': 'double'에서 'float'(으)로 변환하면서 데이터가 손실될 수 있습니다.
c:\gse_leehoorim_1_2012181032\simplegame\simplegame\scenemngr.cpp(155): warning C4305: '인수': 'double'에서 'float'(으)로 잘립니다.
c:\gse_leehoorim_1_2012181032\simplegame\simplegame\scenemngr.cpp(155): warning C4244: '인수': 'double'에서 'float'(으)로 변환하면서 데이터가 손실될 수 있습니다.
c:\gse_leehoorim_1_2012181032\simplegame\simplegame\scenemngr.cpp(178): warning C4305: '인수': 'double'에서 'float'(으)로 잘립니다.
c:\gse_leehoorim_1_2012181032\simplegame\simplegame\scenemngr.cpp(192): warning C4305: '인수': 'double'에서 'float'(으)로 잘립니다.
c:\gse_leehoorim_1_2012181032\simplegame\simplegame\scenemngr.cpp(192): warning C4244: '인수': 'double'에서 'float'(으)로 변환하면서 데이터가 손실될 수 있습니다.
c:\gse_leehoorim_1_2012181032\simplegame\simplegame\scenemngr.cpp(206): warning C4305: '인수': 'double'에서 'float'(으)로 잘립니다.
c:\gse_leehoorim_1_2012181032\simplegame\simplegame\scenemngr.cpp(206): warning C4244: '인수': 'double'에서 'float'(으)로 변환하면서 데이터가 손실될 수 있습니다.
c:\gse_leehoorim_1_2012181032\simplegame\simplegame\scenemngr.cpp(226): warning C4305: '인수': 'double'에서 'float'(으)로 잘립니다.
c:\gse_leehoorim_1_2012181032\simplegame\simplegame\scenemngr.cpp(240): warning C4305: '인수': 'double'에서 'float'(으)로 잘립니다.
c:\gse_leehoorim_1_2012181032\simplegame\simplegame\scenemngr.cpp(240): warning C4244: '인수': 'double'에서 'float'(으)로 변환하면서 데이터가 손실될 수 있습니다.
c:\gse_leehoorim_1_2012181032\simplegame\simplegame\scenemngr.cpp(254): warning C4305: '인수': 'double'에서 'float'(으)로 잘립니다.
c:\gse_leehoorim_1_2012181032\simplegame\simplegame\scenemngr.cpp(254): warning C4244: '인수': 'double'에서 'float'(으)로 변환하면서 데이터가 손실될 수 있습니다.
c:\gse_leehoorim_1_2012181032\simplegame\simplegame\scenemngr.cpp(283): warning C4305: '인수': 'double'에서 'float'(으)로 잘립니다.
c:\gse_leehoorim_1_2012181032\simplegame\simplegame\scenemngr.cpp(308): warning C4244: '인수': 'int'에서 'float'(으)로 변환하면서 데이터가 손실될 수 있습니다.
c:\gse_leehoorim_1_2012181032\simplegame\simplegame\scenemngr.cpp(395): warning C4244: '=': 'float'에서 'int'(으)로 변환하면서 데이터가 손실될 수 있습니다.
c:\gse_leehoorim_1_2012181032\simplegame\simplegame\scenemngr.cpp(408): warning C4244: '=': 'float'에서 'int'(으)로 변환하면서 데이터가 손실될 수 있습니다.
c:\gse_leehoorim_1_2012181032\simplegame\simplegame\scenemngr.cpp(421): warning C4244: '=': 'float'에서 'int'(으)로 변환하면서 데이터가 손실될 수 있습니다.
c:\gse_leehoorim_1_2012181032\simplegame\simplegame\scenemngr.cpp(434): warning C4244: '=': 'float'에서 'int'(으)로 변환하면서 데이터가 손실될 수 있습니다.
c:\gse_leehoorim_1_2012181032\simplegame\simplegame\scenemngr.cpp(449): warning C4244: '=': 'float'에서 'int'(으)로 변환하면서 데이터가 손실될 수 있습니다.
c:\gse_leehoorim_1_2012181032\simplegame\simplegame\scenemngr.cpp(464): warning C4244: '=': 'float'에서 'int'(으)로 변환하면서 데이터가 손실될 수 있습니다.
c:\gse_leehoorim_1_2012181032\simplegame\simplegame\scenemngr.cpp(477): warning C4244: '=': 'float'에서 'int'(으)로 변환하면서 데이터가 손실될 수 있습니다.
c:\gse_leehoorim_1_2012181032\simplegame\simplegame\scenemngr.cpp(490): warning C4244: '=': 'float'에서 'int'(으)로 변환하면서 데이터가 손실될 수 있습니다.
c:\gse_leehoorim_1_2012181032\simplegame\simplegame\scenemngr.cpp(503): warning C4244: '=': 'float'에서 'int'(으)로 변환하면서 데이터가 손실될 수 있습니다.
c:\gse_leehoorim_1_2012181032\simplegame\simplegame\scenemngr.cpp(516): warning C4244: '=': 'float'에서 'int'(으)로 변환하면서 데이터가 손실될 수 있습니다.
c:\gse_leehoorim_1_2012181032\simplegame\simplegame\scenemngr.cpp(563): warning C4305: '=': 'double'에서 'float'(으)로 잘립니다.
c:\gse_leehoorim_1_2012181032\simplegame\simplegame\scenemngr.cpp(569): warning C4305: '=': 'double'에서 'float'(으)로 잘립니다.
c:\gse_leehoorim_1_2012181032\simplegame\simplegame\scenemngr.cpp(571): warning C4305: '=': 'double'에서 'float'(으)로 잘립니다.
c:\gse_leehoorim_1_2012181032\simplegame\simplegame\scenemngr.cpp(580): warning C4305: '=': 'double'에서 'float'(으)로 잘립니다.
c:\gse_leehoorim_1_2012181032\simplegame\simplegame\scenemngr.cpp(581): warning C4305: '=': 'double'에서 'float'(으)로 잘립니다.
c:\gse_leehoorim_1_2012181032\simplegame\simplegame\scenemngr.cpp(644): warning C4244: '인수': 'int'에서 'float'(으)로 변환하면서 데이터가 손실될 수 있습니다.
c:\gse_leehoorim_1_2012181032\simplegame\simplegame\scenemngr.cpp(645): warning C4244: '인수': 'int'에서 'float'(으)로 변환하면서 데이터가 손실될 수 있습니다.
  SimpleGame.vcxproj -> C:\GSE_LEEHOORIM_1_2012181032\SimpleGame\x64\Debug\SimpleGame.exe
  SimpleGame.vcxproj -> C:\GSE_LEEHOORIM_1_2012181032\SimpleGame\x64\Debug\SimpleGame.pdb (Partial PDB)
