c:\gse_3-2lee\gse_leehoorim_1_2012181032\simplegame\simplegame\x64\debug\simplegame.pch
c:\gse_3-2lee\gse_leehoorim_1_2012181032\simplegame\simplegame\x64\debug\vc141.pdb
c:\gse_3-2lee\gse_leehoorim_1_2012181032\simplegame\simplegame\x64\debug\vc141.idb
c:\gse_3-2lee\gse_leehoorim_1_2012181032\simplegame\simplegame\x64\debug\stdafx.obj
c:\gse_3-2lee\gse_leehoorim_1_2012181032\simplegame\simplegame\x64\debug\object.obj
c:\gse_3-2lee\gse_leehoorim_1_2012181032\simplegame\simplegame\x64\debug\renderer.obj
c:\gse_3-2lee\gse_leehoorim_1_2012181032\simplegame\simplegame\x64\debug\scenemngr.obj
c:\gse_3-2lee\gse_leehoorim_1_2012181032\simplegame\simplegame\x64\debug\simplegame.obj
c:\gse_3-2lee\gse_leehoorim_1_2012181032\simplegame\simplegame\x64\debug\loadpng.obj
c:\gse_3-2lee\gse_leehoorim_1_2012181032\simplegame\x64\debug\simplegame.pdb
c:\gse_3-2lee\gse_leehoorim_1_2012181032\simplegame\simplegame\x64\debug\simplegame.tlog\cl.command.1.tlog
c:\gse_3-2lee\gse_leehoorim_1_2012181032\simplegame\simplegame\x64\debug\simplegame.tlog\cl.read.1.tlog
c:\gse_3-2lee\gse_leehoorim_1_2012181032\simplegame\simplegame\x64\debug\simplegame.tlog\cl.write.1.tlog
c:\gse_3-2lee\gse_leehoorim_1_2012181032\simplegame\simplegame\x64\debug\simplegame.tlog\link-cvtres.read.1.tlog
c:\gse_3-2lee\gse_leehoorim_1_2012181032\simplegame\simplegame\x64\debug\simplegame.tlog\link-cvtres.write.1.tlog
c:\gse_3-2lee\gse_leehoorim_1_2012181032\simplegame\simplegame\x64\debug\simplegame.tlog\link-rc.read.1.tlog
c:\gse_3-2lee\gse_leehoorim_1_2012181032\simplegame\simplegame\x64\debug\simplegame.tlog\link-rc.write.1.tlog
c:\gse_3-2lee\gse_leehoorim_1_2012181032\simplegame\simplegame\x64\debug\simplegame.tlog\link.4624-cvtres.read.1.tlog
c:\gse_3-2lee\gse_leehoorim_1_2012181032\simplegame\simplegame\x64\debug\simplegame.tlog\link.4624-cvtres.write.1.tlog
c:\gse_3-2lee\gse_leehoorim_1_2012181032\simplegame\simplegame\x64\debug\simplegame.tlog\link.4624-rc.read.1.tlog
c:\gse_3-2lee\gse_leehoorim_1_2012181032\simplegame\simplegame\x64\debug\simplegame.tlog\link.4624-rc.write.1.tlog
c:\gse_3-2lee\gse_leehoorim_1_2012181032\simplegame\simplegame\x64\debug\simplegame.tlog\link.4624.read.1.tlog
c:\gse_3-2lee\gse_leehoorim_1_2012181032\simplegame\simplegame\x64\debug\simplegame.tlog\link.4624.write.1.tlog
c:\gse_3-2lee\gse_leehoorim_1_2012181032\simplegame\simplegame\x64\debug\simplegame.tlog\link.command.1.tlog
c:\gse_3-2lee\gse_leehoorim_1_2012181032\simplegame\simplegame\x64\debug\simplegame.tlog\link.read.1.tlog
c:\gse_3-2lee\gse_leehoorim_1_2012181032\simplegame\simplegame\x64\debug\simplegame.tlog\link.write.1.tlog
